{"C:\\Users\\caiob\\OneDrive\\ProgramasEclipse\\cs-2019-01\\aula-01\\js\\cpf1.js": {"path":"C:\\Users\\caiob\\OneDrive\\ProgramasEclipse\\cs-2019-01\\aula-01\\js\\cpf1.js","statementMap":{"0":{"start":{"line":13,"column":4},"end":{"line":15,"column":5}},"1":{"start":{"line":14,"column":8},"end":{"line":14,"column":62}},"2":{"start":{"line":17,"column":4},"end":{"line":19,"column":5}},"3":{"start":{"line":18,"column":8},"end":{"line":18,"column":60}},"4":{"start":{"line":21,"column":4},"end":{"line":21,"column":25}},"5":{"start":{"line":23,"column":14},"end":{"line":23,"column":122}},"6":{"start":{"line":24,"column":14},"end":{"line":24,"column":122}},"7":{"start":{"line":25,"column":15},"end":{"line":25,"column":28}},"8":{"start":{"line":26,"column":15},"end":{"line":26,"column":28}},"9":{"start":{"line":28,"column":4},"end":{"line":28,"column":41}},"10":{"start":{"line":41,"column":4},"end":{"line":48,"column":5}},"11":{"start":{"line":41,"column":17},"end":{"line":41,"column":18}},"12":{"start":{"line":42,"column":8},"end":{"line":44,"column":9}},"13":{"start":{"line":43,"column":12},"end":{"line":43,"column":87}},"14":{"start":{"line":45,"column":8},"end":{"line":47,"column":9}},"15":{"start":{"line":46,"column":12},"end":{"line":46,"column":91}},"16":{"start":{"line":51,"column":0},"end":{"line":51,"column":51}}},"fnMap":{"0":{"name":"cpf1","decl":{"start":{"line":11,"column":9},"end":{"line":11,"column":13}},"loc":{"start":{"line":11,"column":17},"end":{"line":29,"column":1}},"line":11},"1":{"name":"confereDadosVetor","decl":{"start":{"line":39,"column":9},"end":{"line":39,"column":26}},"loc":{"start":{"line":39,"column":30},"end":{"line":49,"column":1}},"line":39}},"branchMap":{"0":{"loc":{"start":{"line":13,"column":4},"end":{"line":15,"column":5}},"type":"if","locations":[{"start":{"line":13,"column":4},"end":{"line":15,"column":5}},{"start":{"line":13,"column":4},"end":{"line":15,"column":5}}],"line":13},"1":{"loc":{"start":{"line":17,"column":4},"end":{"line":19,"column":5}},"type":"if","locations":[{"start":{"line":17,"column":4},"end":{"line":19,"column":5}},{"start":{"line":17,"column":4},"end":{"line":19,"column":5}}],"line":17},"2":{"loc":{"start":{"line":28,"column":11},"end":{"line":28,"column":40}},"type":"binary-expr","locations":[{"start":{"line":28,"column":12},"end":{"line":28,"column":22}},{"start":{"line":28,"column":28},"end":{"line":28,"column":39}}],"line":28},"3":{"loc":{"start":{"line":42,"column":8},"end":{"line":44,"column":9}},"type":"if","locations":[{"start":{"line":42,"column":8},"end":{"line":44,"column":9}},{"start":{"line":42,"column":8},"end":{"line":44,"column":9}}],"line":42},"4":{"loc":{"start":{"line":45,"column":8},"end":{"line":47,"column":9}},"type":"if","locations":[{"start":{"line":45,"column":8},"end":{"line":47,"column":9}},{"start":{"line":45,"column":8},"end":{"line":47,"column":9}}],"line":45},"5":{"loc":{"start":{"line":45,"column":12},"end":{"line":45,"column":32}},"type":"binary-expr","locations":[{"start":{"line":45,"column":12},"end":{"line":45,"column":20}},{"start":{"line":45,"column":24},"end":{"line":45,"column":32}}],"line":45}},"s":{"0":5,"1":2,"2":3,"3":1,"4":2,"5":2,"6":2,"7":2,"8":2,"9":2,"10":4,"11":4,"12":26,"13":1,"14":25,"15":1,"16":2},"f":{"0":5,"1":4},"b":{"0":[2,3],"1":[1,2],"2":[2,2],"3":[1,25],"4":[1,24],"5":[25,25]},"_coverageSchema":"43e27e138ebf9cfc5966b082cf9a028302ed4184","hash":"4c261dc4048714255cd6f6ff75d8d4c35afb7b83"}
,"C:\\Users\\caiob\\OneDrive\\ProgramasEclipse\\cs-2019-01\\aula-01\\js\\cpf2.js": {"path":"C:\\Users\\caiob\\OneDrive\\ProgramasEclipse\\cs-2019-01\\aula-01\\js\\cpf2.js","statementMap":{"0":{"start":{"line":13,"column":4},"end":{"line":15,"column":5}},"1":{"start":{"line":14,"column":8},"end":{"line":14,"column":62}},"2":{"start":{"line":17,"column":4},"end":{"line":19,"column":5}},"3":{"start":{"line":18,"column":8},"end":{"line":18,"column":60}},"4":{"start":{"line":21,"column":4},"end":{"line":21,"column":25}},"5":{"start":{"line":23,"column":12},"end":{"line":23,"column":16}},"6":{"start":{"line":24,"column":12},"end":{"line":24,"column":16}},"7":{"start":{"line":26,"column":4},"end":{"line":29,"column":5}},"8":{"start":{"line":26,"column":17},"end":{"line":26,"column":18}},"9":{"start":{"line":27,"column":8},"end":{"line":27,"column":21}},"10":{"start":{"line":28,"column":8},"end":{"line":28,"column":18}},"11":{"start":{"line":31,"column":14},"end":{"line":31,"column":27}},"12":{"start":{"line":32,"column":14},"end":{"line":32,"column":46}},"13":{"start":{"line":34,"column":4},"end":{"line":34,"column":39}},"14":{"start":{"line":47,"column":4},"end":{"line":54,"column":5}},"15":{"start":{"line":47,"column":17},"end":{"line":47,"column":18}},"16":{"start":{"line":48,"column":8},"end":{"line":50,"column":9}},"17":{"start":{"line":49,"column":12},"end":{"line":49,"column":87}},"18":{"start":{"line":51,"column":8},"end":{"line":53,"column":9}},"19":{"start":{"line":52,"column":12},"end":{"line":52,"column":91}},"20":{"start":{"line":57,"column":0},"end":{"line":57,"column":51}}},"fnMap":{"0":{"name":"cpf2","decl":{"start":{"line":11,"column":9},"end":{"line":11,"column":13}},"loc":{"start":{"line":11,"column":17},"end":{"line":35,"column":1}},"line":11},"1":{"name":"confereDadosVetor","decl":{"start":{"line":45,"column":9},"end":{"line":45,"column":26}},"loc":{"start":{"line":45,"column":30},"end":{"line":55,"column":1}},"line":45}},"branchMap":{"0":{"loc":{"start":{"line":13,"column":4},"end":{"line":15,"column":5}},"type":"if","locations":[{"start":{"line":13,"column":4},"end":{"line":15,"column":5}},{"start":{"line":13,"column":4},"end":{"line":15,"column":5}}],"line":13},"1":{"loc":{"start":{"line":17,"column":4},"end":{"line":19,"column":5}},"type":"if","locations":[{"start":{"line":17,"column":4},"end":{"line":19,"column":5}},{"start":{"line":17,"column":4},"end":{"line":19,"column":5}}],"line":17},"2":{"loc":{"start":{"line":34,"column":11},"end":{"line":34,"column":38}},"type":"binary-expr","locations":[{"start":{"line":34,"column":12},"end":{"line":34,"column":21}},{"start":{"line":34,"column":27},"end":{"line":34,"column":37}}],"line":34},"3":{"loc":{"start":{"line":48,"column":8},"end":{"line":50,"column":9}},"type":"if","locations":[{"start":{"line":48,"column":8},"end":{"line":50,"column":9}},{"start":{"line":48,"column":8},"end":{"line":50,"column":9}}],"line":48},"4":{"loc":{"start":{"line":51,"column":8},"end":{"line":53,"column":9}},"type":"if","locations":[{"start":{"line":51,"column":8},"end":{"line":53,"column":9}},{"start":{"line":51,"column":8},"end":{"line":53,"column":9}}],"line":51},"5":{"loc":{"start":{"line":51,"column":12},"end":{"line":51,"column":32}},"type":"binary-expr","locations":[{"start":{"line":51,"column":12},"end":{"line":51,"column":20}},{"start":{"line":51,"column":24},"end":{"line":51,"column":32}}],"line":51}},"s":{"0":7,"1":2,"2":5,"3":1,"4":4,"5":2,"6":2,"7":2,"8":2,"9":16,"10":16,"11":2,"12":2,"13":2,"14":4,"15":4,"16":30,"17":1,"18":29,"19":1,"20":1},"f":{"0":7,"1":4},"b":{"0":[2,5],"1":[1,4],"2":[2,2],"3":[1,29],"4":[1,28],"5":[29,29]},"_coverageSchema":"43e27e138ebf9cfc5966b082cf9a028302ed4184","hash":"bc4b3328ece36d9ff224a5ca6e95502df902f53a"}
,"C:\\Users\\caiob\\OneDrive\\ProgramasEclipse\\cs-2019-01\\aula-01\\js\\diaDaSemana.js": {"path":"C:\\Users\\caiob\\OneDrive\\ProgramasEclipse\\cs-2019-01\\aula-01\\js\\diaDaSemana.js","statementMap":{"0":{"start":{"line":15,"column":4},"end":{"line":17,"column":5}},"1":{"start":{"line":16,"column":8},"end":{"line":16,"column":63}},"2":{"start":{"line":19,"column":4},"end":{"line":21,"column":5}},"3":{"start":{"line":20,"column":8},"end":{"line":20,"column":71}},"4":{"start":{"line":23,"column":4},"end":{"line":25,"column":5}},"5":{"start":{"line":24,"column":8},"end":{"line":24,"column":128}},"6":{"start":{"line":27,"column":4},"end":{"line":30,"column":5}},"7":{"start":{"line":28,"column":8},"end":{"line":28,"column":23}},"8":{"start":{"line":29,"column":8},"end":{"line":29,"column":22}},"9":{"start":{"line":32,"column":20},"end":{"line":32,"column":143}},"10":{"start":{"line":34,"column":4},"end":{"line":34,"column":54}},"11":{"start":{"line":46,"column":4},"end":{"line":61,"column":5}},"12":{"start":{"line":48,"column":12},"end":{"line":48,"column":34}},"13":{"start":{"line":50,"column":12},"end":{"line":50,"column":32}},"14":{"start":{"line":52,"column":12},"end":{"line":52,"column":33}},"15":{"start":{"line":54,"column":12},"end":{"line":54,"column":33}},"16":{"start":{"line":56,"column":12},"end":{"line":56,"column":32}},"17":{"start":{"line":58,"column":12},"end":{"line":58,"column":27}},"18":{"start":{"line":60,"column":12},"end":{"line":60,"column":28}},"19":{"start":{"line":75,"column":4},"end":{"line":77,"column":5}},"20":{"start":{"line":76,"column":8},"end":{"line":76,"column":20}},"21":{"start":{"line":78,"column":4},"end":{"line":78,"column":17}},"22":{"start":{"line":81,"column":0},"end":{"line":81,"column":74}}},"fnMap":{"0":{"name":"diaDaSemana","decl":{"start":{"line":13,"column":9},"end":{"line":13,"column":20}},"loc":{"start":{"line":13,"column":36},"end":{"line":35,"column":1}},"line":13},"1":{"name":"nomeDiaDaSemana","decl":{"start":{"line":44,"column":9},"end":{"line":44,"column":24}},"loc":{"start":{"line":44,"column":36},"end":{"line":62,"column":1}},"line":44},"2":{"name":"dataInvalida","decl":{"start":{"line":73,"column":9},"end":{"line":73,"column":21}},"loc":{"start":{"line":73,"column":37},"end":{"line":79,"column":1}},"line":73}},"branchMap":{"0":{"loc":{"start":{"line":15,"column":4},"end":{"line":17,"column":5}},"type":"if","locations":[{"start":{"line":15,"column":4},"end":{"line":17,"column":5}},{"start":{"line":15,"column":4},"end":{"line":17,"column":5}}],"line":15},"1":{"loc":{"start":{"line":15,"column":8},"end":{"line":15,"column":82}},"type":"binary-expr","locations":[{"start":{"line":15,"column":8},"end":{"line":15,"column":30}},{"start":{"line":15,"column":34},"end":{"line":15,"column":56}},{"start":{"line":15,"column":60},"end":{"line":15,"column":82}}],"line":15},"2":{"loc":{"start":{"line":19,"column":4},"end":{"line":21,"column":5}},"type":"if","locations":[{"start":{"line":19,"column":4},"end":{"line":21,"column":5}},{"start":{"line":19,"column":4},"end":{"line":21,"column":5}}],"line":19},"3":{"loc":{"start":{"line":19,"column":8},"end":{"line":19,"column":82}},"type":"binary-expr","locations":[{"start":{"line":19,"column":8},"end":{"line":19,"column":30}},{"start":{"line":19,"column":34},"end":{"line":19,"column":56}},{"start":{"line":19,"column":60},"end":{"line":19,"column":82}}],"line":19},"4":{"loc":{"start":{"line":23,"column":4},"end":{"line":25,"column":5}},"type":"if","locations":[{"start":{"line":23,"column":4},"end":{"line":25,"column":5}},{"start":{"line":23,"column":4},"end":{"line":25,"column":5}}],"line":23},"5":{"loc":{"start":{"line":27,"column":4},"end":{"line":30,"column":5}},"type":"if","locations":[{"start":{"line":27,"column":4},"end":{"line":30,"column":5}},{"start":{"line":27,"column":4},"end":{"line":30,"column":5}}],"line":27},"6":{"loc":{"start":{"line":27,"column":8},"end":{"line":27,"column":28}},"type":"binary-expr","locations":[{"start":{"line":27,"column":8},"end":{"line":27,"column":16}},{"start":{"line":27,"column":20},"end":{"line":27,"column":28}}],"line":27},"7":{"loc":{"start":{"line":46,"column":4},"end":{"line":61,"column":5}},"type":"switch","locations":[{"start":{"line":47,"column":8},"end":{"line":48,"column":34}},{"start":{"line":49,"column":8},"end":{"line":50,"column":32}},{"start":{"line":51,"column":8},"end":{"line":52,"column":33}},{"start":{"line":53,"column":8},"end":{"line":54,"column":33}},{"start":{"line":55,"column":8},"end":{"line":56,"column":32}},{"start":{"line":57,"column":8},"end":{"line":58,"column":27}},{"start":{"line":59,"column":8},"end":{"line":60,"column":28}}],"line":46},"8":{"loc":{"start":{"line":75,"column":4},"end":{"line":77,"column":5}},"type":"if","locations":[{"start":{"line":75,"column":4},"end":{"line":77,"column":5}},{"start":{"line":75,"column":4},"end":{"line":77,"column":5}}],"line":75},"9":{"loc":{"start":{"line":75,"column":8},"end":{"line":75,"column":65}},"type":"binary-expr","locations":[{"start":{"line":75,"column":8},"end":{"line":75,"column":15}},{"start":{"line":75,"column":19},"end":{"line":75,"column":27}},{"start":{"line":75,"column":31},"end":{"line":75,"column":38}},{"start":{"line":75,"column":42},"end":{"line":75,"column":50}},{"start":{"line":75,"column":54},"end":{"line":75,"column":65}}],"line":75}},"s":{"0":9,"1":3,"2":6,"3":3,"4":3,"5":1,"6":2,"7":1,"8":1,"9":2,"10":2,"11":9,"12":1,"13":3,"14":1,"15":1,"16":1,"17":1,"18":1,"19":11,"20":6,"21":5,"22":3},"f":{"0":9,"1":9,"2":11},"b":{"0":[3,6],"1":[9,8,7],"2":[3,3],"3":[6,5,4],"4":[1,2],"5":[1,1],"6":[2,1],"7":[1,3,1,1,1,1,1],"8":[6,5],"9":[11,10,9,8,6]},"_coverageSchema":"43e27e138ebf9cfc5966b082cf9a028302ed4184","hash":"0ab2fdbfdb8bf41c468d5457a0da663acb04e45f"}
,"C:\\Users\\caiob\\OneDrive\\ProgramasEclipse\\cs-2019-01\\aula-01\\js\\fatorial.js": {"path":"C:\\Users\\caiob\\OneDrive\\ProgramasEclipse\\cs-2019-01\\aula-01\\js\\fatorial.js","statementMap":{"0":{"start":{"line":13,"column":4},"end":{"line":15,"column":5}},"1":{"start":{"line":14,"column":8},"end":{"line":14,"column":63}},"2":{"start":{"line":17,"column":4},"end":{"line":19,"column":5}},"3":{"start":{"line":18,"column":8},"end":{"line":18,"column":64}},"4":{"start":{"line":21,"column":4},"end":{"line":23,"column":5}},"5":{"start":{"line":22,"column":8},"end":{"line":22,"column":61}},"6":{"start":{"line":25,"column":12},"end":{"line":25,"column":13}},"7":{"start":{"line":27,"column":4},"end":{"line":29,"column":5}},"8":{"start":{"line":27,"column":17},"end":{"line":27,"column":18}},"9":{"start":{"line":28,"column":8},"end":{"line":28,"column":18}},"10":{"start":{"line":31,"column":4},"end":{"line":31,"column":13}},"11":{"start":{"line":34,"column":0},"end":{"line":34,"column":26}}},"fnMap":{"0":{"name":"fatorial","decl":{"start":{"line":11,"column":9},"end":{"line":11,"column":17}},"loc":{"start":{"line":11,"column":26},"end":{"line":32,"column":1}},"line":11}},"branchMap":{"0":{"loc":{"start":{"line":13,"column":4},"end":{"line":15,"column":5}},"type":"if","locations":[{"start":{"line":13,"column":4},"end":{"line":15,"column":5}},{"start":{"line":13,"column":4},"end":{"line":15,"column":5}}],"line":13},"1":{"loc":{"start":{"line":17,"column":4},"end":{"line":19,"column":5}},"type":"if","locations":[{"start":{"line":17,"column":4},"end":{"line":19,"column":5}},{"start":{"line":17,"column":4},"end":{"line":19,"column":5}}],"line":17},"2":{"loc":{"start":{"line":21,"column":4},"end":{"line":23,"column":5}},"type":"if","locations":[{"start":{"line":21,"column":4},"end":{"line":23,"column":5}},{"start":{"line":21,"column":4},"end":{"line":23,"column":5}}],"line":21}},"s":{"0":6,"1":2,"2":4,"3":1,"4":3,"5":1,"6":2,"7":2,"8":2,"9":7,"10":2,"11":1},"f":{"0":6},"b":{"0":[2,4],"1":[1,3],"2":[1,2]},"_coverageSchema":"43e27e138ebf9cfc5966b082cf9a028302ed4184","hash":"bf8af7f490657824b963e82fb8e4703590429289"}
,"C:\\Users\\caiob\\OneDrive\\ProgramasEclipse\\cs-2019-01\\aula-01\\js\\fibonacci.js": {"path":"C:\\Users\\caiob\\OneDrive\\ProgramasEclipse\\cs-2019-01\\aula-01\\js\\fibonacci.js","statementMap":{"0":{"start":{"line":13,"column":4},"end":{"line":15,"column":5}},"1":{"start":{"line":14,"column":8},"end":{"line":14,"column":63}},"2":{"start":{"line":17,"column":4},"end":{"line":19,"column":5}},"3":{"start":{"line":18,"column":8},"end":{"line":18,"column":64}},"4":{"start":{"line":21,"column":4},"end":{"line":23,"column":5}},"5":{"start":{"line":22,"column":8},"end":{"line":22,"column":63}},"6":{"start":{"line":25,"column":4},"end":{"line":27,"column":5}},"7":{"start":{"line":26,"column":8},"end":{"line":26,"column":17}},"8":{"start":{"line":29,"column":12},"end":{"line":29,"column":13}},"9":{"start":{"line":30,"column":12},"end":{"line":30,"column":13}},"10":{"start":{"line":32,"column":4},"end":{"line":36,"column":5}},"11":{"start":{"line":32,"column":17},"end":{"line":32,"column":18}},"12":{"start":{"line":33,"column":16},"end":{"line":33,"column":17}},"13":{"start":{"line":34,"column":8},"end":{"line":34,"column":18}},"14":{"start":{"line":35,"column":8},"end":{"line":35,"column":14}},"15":{"start":{"line":38,"column":4},"end":{"line":38,"column":13}},"16":{"start":{"line":41,"column":0},"end":{"line":41,"column":27}}},"fnMap":{"0":{"name":"fibonacci","decl":{"start":{"line":11,"column":9},"end":{"line":11,"column":18}},"loc":{"start":{"line":11,"column":22},"end":{"line":39,"column":1}},"line":11}},"branchMap":{"0":{"loc":{"start":{"line":13,"column":4},"end":{"line":15,"column":5}},"type":"if","locations":[{"start":{"line":13,"column":4},"end":{"line":15,"column":5}},{"start":{"line":13,"column":4},"end":{"line":15,"column":5}}],"line":13},"1":{"loc":{"start":{"line":17,"column":4},"end":{"line":19,"column":5}},"type":"if","locations":[{"start":{"line":17,"column":4},"end":{"line":19,"column":5}},{"start":{"line":17,"column":4},"end":{"line":19,"column":5}}],"line":17},"2":{"loc":{"start":{"line":21,"column":4},"end":{"line":23,"column":5}},"type":"if","locations":[{"start":{"line":21,"column":4},"end":{"line":23,"column":5}},{"start":{"line":21,"column":4},"end":{"line":23,"column":5}}],"line":21},"3":{"loc":{"start":{"line":25,"column":4},"end":{"line":27,"column":5}},"type":"if","locations":[{"start":{"line":25,"column":4},"end":{"line":27,"column":5}},{"start":{"line":25,"column":4},"end":{"line":27,"column":5}}],"line":25},"4":{"loc":{"start":{"line":25,"column":8},"end":{"line":25,"column":24}},"type":"binary-expr","locations":[{"start":{"line":25,"column":8},"end":{"line":25,"column":14}},{"start":{"line":25,"column":18},"end":{"line":25,"column":24}}],"line":25}},"s":{"0":6,"1":1,"2":5,"3":1,"4":4,"5":1,"6":3,"7":2,"8":1,"9":1,"10":1,"11":1,"12":5,"13":5,"14":5,"15":1,"16":1},"f":{"0":6},"b":{"0":[1,5],"1":[1,4],"2":[1,3],"3":[2,1],"4":[3,2]},"_coverageSchema":"43e27e138ebf9cfc5966b082cf9a028302ed4184","hash":"c6f632b31603fc8b492d4dbc3431545bf3083fb5"}
,"C:\\Users\\caiob\\OneDrive\\ProgramasEclipse\\cs-2019-01\\aula-01\\js\\logaritmo.js": {"path":"C:\\Users\\caiob\\OneDrive\\ProgramasEclipse\\cs-2019-01\\aula-01\\js\\logaritmo.js","statementMap":{"0":{"start":{"line":14,"column":4},"end":{"line":16,"column":5}},"1":{"start":{"line":15,"column":8},"end":{"line":15,"column":63}},"2":{"start":{"line":18,"column":4},"end":{"line":20,"column":5}},"3":{"start":{"line":19,"column":8},"end":{"line":19,"column":74}},"4":{"start":{"line":22,"column":4},"end":{"line":24,"column":5}},"5":{"start":{"line":23,"column":8},"end":{"line":23,"column":86}},"6":{"start":{"line":26,"column":12},"end":{"line":26,"column":13}},"7":{"start":{"line":27,"column":13},"end":{"line":27,"column":18}},"8":{"start":{"line":28,"column":20},"end":{"line":28,"column":21}},"9":{"start":{"line":29,"column":22},"end":{"line":29,"column":23}},"10":{"start":{"line":31,"column":4},"end":{"line":35,"column":5}},"11":{"start":{"line":32,"column":8},"end":{"line":32,"column":42}},"12":{"start":{"line":33,"column":8},"end":{"line":33,"column":38}},"13":{"start":{"line":34,"column":8},"end":{"line":34,"column":42}},"14":{"start":{"line":37,"column":4},"end":{"line":37,"column":13}},"15":{"start":{"line":40,"column":0},"end":{"line":40,"column":27}},"16":{"start":{"line":42,"column":0},"end":{"line":42,"column":28}}},"fnMap":{"0":{"name":"logaritmo","decl":{"start":{"line":12,"column":9},"end":{"line":12,"column":18}},"loc":{"start":{"line":12,"column":25},"end":{"line":38,"column":1}},"line":12}},"branchMap":{"0":{"loc":{"start":{"line":14,"column":4},"end":{"line":16,"column":5}},"type":"if","locations":[{"start":{"line":14,"column":4},"end":{"line":16,"column":5}},{"start":{"line":14,"column":4},"end":{"line":16,"column":5}}],"line":14},"1":{"loc":{"start":{"line":14,"column":8},"end":{"line":14,"column":52}},"type":"binary-expr","locations":[{"start":{"line":14,"column":8},"end":{"line":14,"column":28}},{"start":{"line":14,"column":32},"end":{"line":14,"column":52}}],"line":14},"2":{"loc":{"start":{"line":18,"column":4},"end":{"line":20,"column":5}},"type":"if","locations":[{"start":{"line":18,"column":4},"end":{"line":20,"column":5}},{"start":{"line":18,"column":4},"end":{"line":20,"column":5}}],"line":18},"3":{"loc":{"start":{"line":18,"column":8},"end":{"line":18,"column":48}},"type":"binary-expr","locations":[{"start":{"line":18,"column":8},"end":{"line":18,"column":26}},{"start":{"line":18,"column":30},"end":{"line":18,"column":48}}],"line":18},"4":{"loc":{"start":{"line":22,"column":4},"end":{"line":24,"column":5}},"type":"if","locations":[{"start":{"line":22,"column":4},"end":{"line":24,"column":5}},{"start":{"line":22,"column":4},"end":{"line":24,"column":5}}],"line":22},"5":{"loc":{"start":{"line":22,"column":8},"end":{"line":22,"column":22}},"type":"binary-expr","locations":[{"start":{"line":22,"column":8},"end":{"line":22,"column":13}},{"start":{"line":22,"column":17},"end":{"line":22,"column":22}}],"line":22}},"s":{"0":7,"1":2,"2":5,"3":1,"4":4,"5":2,"6":2,"7":2,"8":2,"9":2,"10":2,"11":2,"12":2,"13":2,"14":2,"15":1,"16":1},"f":{"0":7},"b":{"0":[2,5],"1":[7,5],"2":[1,4],"3":[5,5],"4":[2,2],"5":[4,3]},"_coverageSchema":"43e27e138ebf9cfc5966b082cf9a028302ed4184","hash":"a9af8a26fccb5bcbfca917c1daf712486d9be00a"}
,"C:\\Users\\caiob\\OneDrive\\ProgramasEclipse\\cs-2019-01\\aula-01\\js\\mdc1.js": {"path":"C:\\Users\\caiob\\OneDrive\\ProgramasEclipse\\cs-2019-01\\aula-01\\js\\mdc1.js","statementMap":{"0":{"start":{"line":14,"column":4},"end":{"line":16,"column":5}},"1":{"start":{"line":15,"column":8},"end":{"line":15,"column":63}},"2":{"start":{"line":18,"column":4},"end":{"line":20,"column":5}},"3":{"start":{"line":19,"column":8},"end":{"line":19,"column":74}},"4":{"start":{"line":22,"column":4},"end":{"line":24,"column":5}},"5":{"start":{"line":23,"column":8},"end":{"line":23,"column":88}},"6":{"start":{"line":26,"column":4},"end":{"line":30,"column":5}},"7":{"start":{"line":27,"column":16},"end":{"line":27,"column":21}},"8":{"start":{"line":28,"column":8},"end":{"line":28,"column":14}},"9":{"start":{"line":29,"column":8},"end":{"line":29,"column":14}},"10":{"start":{"line":32,"column":4},"end":{"line":32,"column":13}},"11":{"start":{"line":35,"column":0},"end":{"line":35,"column":22}}},"fnMap":{"0":{"name":"mdc1","decl":{"start":{"line":12,"column":9},"end":{"line":12,"column":13}},"loc":{"start":{"line":12,"column":20},"end":{"line":33,"column":1}},"line":12}},"branchMap":{"0":{"loc":{"start":{"line":14,"column":4},"end":{"line":16,"column":5}},"type":"if","locations":[{"start":{"line":14,"column":4},"end":{"line":16,"column":5}},{"start":{"line":14,"column":4},"end":{"line":16,"column":5}}],"line":14},"1":{"loc":{"start":{"line":14,"column":8},"end":{"line":14,"column":52}},"type":"binary-expr","locations":[{"start":{"line":14,"column":8},"end":{"line":14,"column":28}},{"start":{"line":14,"column":32},"end":{"line":14,"column":52}}],"line":14},"2":{"loc":{"start":{"line":18,"column":4},"end":{"line":20,"column":5}},"type":"if","locations":[{"start":{"line":18,"column":4},"end":{"line":20,"column":5}},{"start":{"line":18,"column":4},"end":{"line":20,"column":5}}],"line":18},"3":{"loc":{"start":{"line":18,"column":8},"end":{"line":18,"column":48}},"type":"binary-expr","locations":[{"start":{"line":18,"column":8},"end":{"line":18,"column":26}},{"start":{"line":18,"column":30},"end":{"line":18,"column":48}}],"line":18},"4":{"loc":{"start":{"line":22,"column":4},"end":{"line":24,"column":5}},"type":"if","locations":[{"start":{"line":22,"column":4},"end":{"line":24,"column":5}},{"start":{"line":22,"column":4},"end":{"line":24,"column":5}}],"line":22},"5":{"loc":{"start":{"line":22,"column":8},"end":{"line":22,"column":22}},"type":"binary-expr","locations":[{"start":{"line":22,"column":8},"end":{"line":22,"column":13}},{"start":{"line":22,"column":17},"end":{"line":22,"column":22}}],"line":22}},"s":{"0":6,"1":2,"2":4,"3":1,"4":3,"5":2,"6":1,"7":2,"8":2,"9":2,"10":1,"11":1},"f":{"0":6},"b":{"0":[2,4],"1":[6,4],"2":[1,3],"3":[4,4],"4":[2,1],"5":[3,2]},"_coverageSchema":"43e27e138ebf9cfc5966b082cf9a028302ed4184","hash":"9c4ee429b53fe4df6f221f667ed32190a2583e4c"}
,"C:\\Users\\caiob\\OneDrive\\ProgramasEclipse\\cs-2019-01\\aula-01\\js\\mdc2.js": {"path":"C:\\Users\\caiob\\OneDrive\\ProgramasEclipse\\cs-2019-01\\aula-01\\js\\mdc2.js","statementMap":{"0":{"start":{"line":14,"column":4},"end":{"line":16,"column":5}},"1":{"start":{"line":15,"column":8},"end":{"line":15,"column":63}},"2":{"start":{"line":18,"column":4},"end":{"line":20,"column":5}},"3":{"start":{"line":19,"column":8},"end":{"line":19,"column":74}},"4":{"start":{"line":22,"column":4},"end":{"line":24,"column":5}},"5":{"start":{"line":23,"column":8},"end":{"line":23,"column":88}},"6":{"start":{"line":26,"column":4},"end":{"line":33,"column":5}},"7":{"start":{"line":27,"column":8},"end":{"line":32,"column":9}},"8":{"start":{"line":28,"column":12},"end":{"line":28,"column":22}},"9":{"start":{"line":31,"column":12},"end":{"line":31,"column":22}},"10":{"start":{"line":35,"column":4},"end":{"line":35,"column":13}},"11":{"start":{"line":38,"column":0},"end":{"line":38,"column":22}}},"fnMap":{"0":{"name":"mdc2","decl":{"start":{"line":12,"column":9},"end":{"line":12,"column":13}},"loc":{"start":{"line":12,"column":20},"end":{"line":36,"column":1}},"line":12}},"branchMap":{"0":{"loc":{"start":{"line":14,"column":4},"end":{"line":16,"column":5}},"type":"if","locations":[{"start":{"line":14,"column":4},"end":{"line":16,"column":5}},{"start":{"line":14,"column":4},"end":{"line":16,"column":5}}],"line":14},"1":{"loc":{"start":{"line":14,"column":8},"end":{"line":14,"column":52}},"type":"binary-expr","locations":[{"start":{"line":14,"column":8},"end":{"line":14,"column":28}},{"start":{"line":14,"column":32},"end":{"line":14,"column":52}}],"line":14},"2":{"loc":{"start":{"line":18,"column":4},"end":{"line":20,"column":5}},"type":"if","locations":[{"start":{"line":18,"column":4},"end":{"line":20,"column":5}},{"start":{"line":18,"column":4},"end":{"line":20,"column":5}}],"line":18},"3":{"loc":{"start":{"line":18,"column":8},"end":{"line":18,"column":48}},"type":"binary-expr","locations":[{"start":{"line":18,"column":8},"end":{"line":18,"column":26}},{"start":{"line":18,"column":30},"end":{"line":18,"column":48}}],"line":18},"4":{"loc":{"start":{"line":22,"column":4},"end":{"line":24,"column":5}},"type":"if","locations":[{"start":{"line":22,"column":4},"end":{"line":24,"column":5}},{"start":{"line":22,"column":4},"end":{"line":24,"column":5}}],"line":22},"5":{"loc":{"start":{"line":22,"column":8},"end":{"line":22,"column":22}},"type":"binary-expr","locations":[{"start":{"line":22,"column":8},"end":{"line":22,"column":13}},{"start":{"line":22,"column":17},"end":{"line":22,"column":22}}],"line":22},"6":{"loc":{"start":{"line":27,"column":8},"end":{"line":32,"column":9}},"type":"if","locations":[{"start":{"line":27,"column":8},"end":{"line":32,"column":9}},{"start":{"line":27,"column":8},"end":{"line":32,"column":9}}],"line":27}},"s":{"0":6,"1":2,"2":4,"3":1,"4":3,"5":2,"6":1,"7":2,"8":1,"9":1,"10":1,"11":1},"f":{"0":6},"b":{"0":[2,4],"1":[6,4],"2":[1,3],"3":[4,4],"4":[2,1],"5":[3,2],"6":[1,1]},"_coverageSchema":"43e27e138ebf9cfc5966b082cf9a028302ed4184","hash":"f28d0d68c9927ca7958ebfc2ce3b1f7438f76540"}
,"C:\\Users\\caiob\\OneDrive\\ProgramasEclipse\\cs-2019-01\\aula-01\\js\\numeroPrimo.js": {"path":"C:\\Users\\caiob\\OneDrive\\ProgramasEclipse\\cs-2019-01\\aula-01\\js\\numeroPrimo.js","statementMap":{"0":{"start":{"line":13,"column":4},"end":{"line":15,"column":5}},"1":{"start":{"line":14,"column":8},"end":{"line":14,"column":63}},"2":{"start":{"line":17,"column":4},"end":{"line":19,"column":5}},"3":{"start":{"line":18,"column":8},"end":{"line":18,"column":64}},"4":{"start":{"line":21,"column":4},"end":{"line":23,"column":5}},"5":{"start":{"line":22,"column":8},"end":{"line":22,"column":63}},"6":{"start":{"line":25,"column":4},"end":{"line":29,"column":5}},"7":{"start":{"line":25,"column":17},"end":{"line":25,"column":18}},"8":{"start":{"line":26,"column":8},"end":{"line":28,"column":9}},"9":{"start":{"line":27,"column":12},"end":{"line":27,"column":25}},"10":{"start":{"line":31,"column":4},"end":{"line":31,"column":16}},"11":{"start":{"line":34,"column":0},"end":{"line":34,"column":29}}},"fnMap":{"0":{"name":"numeroPrimo","decl":{"start":{"line":11,"column":9},"end":{"line":11,"column":20}},"loc":{"start":{"line":11,"column":24},"end":{"line":32,"column":1}},"line":11}},"branchMap":{"0":{"loc":{"start":{"line":13,"column":4},"end":{"line":15,"column":5}},"type":"if","locations":[{"start":{"line":13,"column":4},"end":{"line":15,"column":5}},{"start":{"line":13,"column":4},"end":{"line":15,"column":5}}],"line":13},"1":{"loc":{"start":{"line":17,"column":4},"end":{"line":19,"column":5}},"type":"if","locations":[{"start":{"line":17,"column":4},"end":{"line":19,"column":5}},{"start":{"line":17,"column":4},"end":{"line":19,"column":5}}],"line":17},"2":{"loc":{"start":{"line":21,"column":4},"end":{"line":23,"column":5}},"type":"if","locations":[{"start":{"line":21,"column":4},"end":{"line":23,"column":5}},{"start":{"line":21,"column":4},"end":{"line":23,"column":5}}],"line":21},"3":{"loc":{"start":{"line":26,"column":8},"end":{"line":28,"column":9}},"type":"if","locations":[{"start":{"line":26,"column":8},"end":{"line":28,"column":9}},{"start":{"line":26,"column":8},"end":{"line":28,"column":9}}],"line":26}},"s":{"0":6,"1":2,"2":4,"3":1,"4":3,"5":1,"6":2,"7":2,"8":18,"9":1,"10":1,"11":1},"f":{"0":6},"b":{"0":[2,4],"1":[1,3],"2":[1,2],"3":[1,17]},"_coverageSchema":"43e27e138ebf9cfc5966b082cf9a028302ed4184","hash":"0b6f187306ef2accc22b55ceee89a3905fe45888"}
,"C:\\Users\\caiob\\OneDrive\\ProgramasEclipse\\cs-2019-01\\aula-01\\js\\potenciaUsandoSomas.js": {"path":"C:\\Users\\caiob\\OneDrive\\ProgramasEclipse\\cs-2019-01\\aula-01\\js\\potenciaUsandoSomas.js","statementMap":{"0":{"start":{"line":1,"column":15},"end":{"line":1,"column":49}},"1":{"start":{"line":15,"column":4},"end":{"line":17,"column":5}},"2":{"start":{"line":16,"column":8},"end":{"line":16,"column":63}},"3":{"start":{"line":19,"column":4},"end":{"line":21,"column":5}},"4":{"start":{"line":20,"column":8},"end":{"line":20,"column":74}},"5":{"start":{"line":23,"column":4},"end":{"line":25,"column":5}},"6":{"start":{"line":24,"column":8},"end":{"line":24,"column":69}},"7":{"start":{"line":27,"column":19},"end":{"line":27,"column":20}},"8":{"start":{"line":29,"column":4},"end":{"line":31,"column":5}},"9":{"start":{"line":29,"column":17},"end":{"line":29,"column":18}},"10":{"start":{"line":30,"column":8},"end":{"line":30,"column":39}},"11":{"start":{"line":33,"column":4},"end":{"line":33,"column":20}},"12":{"start":{"line":36,"column":0},"end":{"line":36,"column":37}},"13":{"start":{"line":38,"column":0},"end":{"line":38,"column":39}}},"fnMap":{"0":{"name":"potenciaUsandoSomas","decl":{"start":{"line":13,"column":9},"end":{"line":13,"column":28}},"loc":{"start":{"line":13,"column":35},"end":{"line":34,"column":1}},"line":13}},"branchMap":{"0":{"loc":{"start":{"line":15,"column":4},"end":{"line":17,"column":5}},"type":"if","locations":[{"start":{"line":15,"column":4},"end":{"line":17,"column":5}},{"start":{"line":15,"column":4},"end":{"line":17,"column":5}}],"line":15},"1":{"loc":{"start":{"line":15,"column":8},"end":{"line":15,"column":52}},"type":"binary-expr","locations":[{"start":{"line":15,"column":8},"end":{"line":15,"column":28}},{"start":{"line":15,"column":32},"end":{"line":15,"column":52}}],"line":15},"2":{"loc":{"start":{"line":19,"column":4},"end":{"line":21,"column":5}},"type":"if","locations":[{"start":{"line":19,"column":4},"end":{"line":21,"column":5}},{"start":{"line":19,"column":4},"end":{"line":21,"column":5}}],"line":19},"3":{"loc":{"start":{"line":19,"column":8},"end":{"line":19,"column":48}},"type":"binary-expr","locations":[{"start":{"line":19,"column":8},"end":{"line":19,"column":26}},{"start":{"line":19,"column":30},"end":{"line":19,"column":48}}],"line":19},"4":{"loc":{"start":{"line":23,"column":4},"end":{"line":25,"column":5}},"type":"if","locations":[{"start":{"line":23,"column":4},"end":{"line":25,"column":5}},{"start":{"line":23,"column":4},"end":{"line":25,"column":5}}],"line":23},"5":{"loc":{"start":{"line":23,"column":8},"end":{"line":23,"column":22}},"type":"binary-expr","locations":[{"start":{"line":23,"column":8},"end":{"line":23,"column":13}},{"start":{"line":23,"column":17},"end":{"line":23,"column":22}}],"line":23}},"s":{"0":1,"1":7,"2":2,"3":5,"4":1,"5":4,"6":2,"7":2,"8":2,"9":2,"10":10,"11":2,"12":1,"13":1},"f":{"0":7},"b":{"0":[2,5],"1":[7,5],"2":[1,4],"3":[5,5],"4":[2,2],"5":[4,2]},"_coverageSchema":"43e27e138ebf9cfc5966b082cf9a028302ed4184","hash":"663edbc842feb4cf505865d83b611e5ba3fc9290"}
,"C:\\Users\\caiob\\OneDrive\\ProgramasEclipse\\cs-2019-01\\aula-01\\js\\produtoUsandoSomas.js": {"path":"C:\\Users\\caiob\\OneDrive\\ProgramasEclipse\\cs-2019-01\\aula-01\\js\\produtoUsandoSomas.js","statementMap":{"0":{"start":{"line":14,"column":4},"end":{"line":16,"column":5}},"1":{"start":{"line":15,"column":8},"end":{"line":15,"column":69}},"2":{"start":{"line":18,"column":4},"end":{"line":20,"column":5}},"3":{"start":{"line":19,"column":8},"end":{"line":19,"column":74}},"4":{"start":{"line":22,"column":4},"end":{"line":24,"column":5}},"5":{"start":{"line":23,"column":8},"end":{"line":23,"column":68}},"6":{"start":{"line":26,"column":24},"end":{"line":26,"column":25}},"7":{"start":{"line":27,"column":18},"end":{"line":27,"column":19}},"8":{"start":{"line":29,"column":4},"end":{"line":32,"column":5}},"9":{"start":{"line":30,"column":8},"end":{"line":30,"column":26}},"10":{"start":{"line":31,"column":8},"end":{"line":31,"column":20}},"11":{"start":{"line":34,"column":12},"end":{"line":34,"column":13}},"12":{"start":{"line":36,"column":4},"end":{"line":38,"column":5}},"13":{"start":{"line":36,"column":17},"end":{"line":36,"column":18}},"14":{"start":{"line":37,"column":8},"end":{"line":37,"column":24}},"15":{"start":{"line":40,"column":4},"end":{"line":40,"column":13}},"16":{"start":{"line":43,"column":0},"end":{"line":43,"column":36}}},"fnMap":{"0":{"name":"produtoUsandoSomas","decl":{"start":{"line":12,"column":9},"end":{"line":12,"column":27}},"loc":{"start":{"line":12,"column":34},"end":{"line":41,"column":1}},"line":12}},"branchMap":{"0":{"loc":{"start":{"line":14,"column":4},"end":{"line":16,"column":5}},"type":"if","locations":[{"start":{"line":14,"column":4},"end":{"line":16,"column":5}},{"start":{"line":14,"column":4},"end":{"line":16,"column":5}}],"line":14},"1":{"loc":{"start":{"line":14,"column":8},"end":{"line":14,"column":52}},"type":"binary-expr","locations":[{"start":{"line":14,"column":8},"end":{"line":14,"column":28}},{"start":{"line":14,"column":32},"end":{"line":14,"column":52}}],"line":14},"2":{"loc":{"start":{"line":18,"column":4},"end":{"line":20,"column":5}},"type":"if","locations":[{"start":{"line":18,"column":4},"end":{"line":20,"column":5}},{"start":{"line":18,"column":4},"end":{"line":20,"column":5}}],"line":18},"3":{"loc":{"start":{"line":18,"column":8},"end":{"line":18,"column":48}},"type":"binary-expr","locations":[{"start":{"line":18,"column":8},"end":{"line":18,"column":26}},{"start":{"line":18,"column":30},"end":{"line":18,"column":48}}],"line":18},"4":{"loc":{"start":{"line":22,"column":4},"end":{"line":24,"column":5}},"type":"if","locations":[{"start":{"line":22,"column":4},"end":{"line":24,"column":5}},{"start":{"line":22,"column":4},"end":{"line":24,"column":5}}],"line":22},"5":{"loc":{"start":{"line":22,"column":8},"end":{"line":22,"column":22}},"type":"binary-expr","locations":[{"start":{"line":22,"column":8},"end":{"line":22,"column":13}},{"start":{"line":22,"column":17},"end":{"line":22,"column":22}}],"line":22},"6":{"loc":{"start":{"line":29,"column":4},"end":{"line":32,"column":5}},"type":"if","locations":[{"start":{"line":29,"column":4},"end":{"line":32,"column":5}},{"start":{"line":29,"column":4},"end":{"line":32,"column":5}}],"line":29}},"s":{"0":16,"1":2,"2":14,"3":1,"4":13,"5":2,"6":11,"7":11,"8":11,"9":6,"10":6,"11":11,"12":11,"13":11,"14":20,"15":11,"16":2},"f":{"0":16},"b":{"0":[2,14],"1":[16,14],"2":[1,13],"3":[14,14],"4":[2,11],"5":[13,12],"6":[6,5]},"_coverageSchema":"43e27e138ebf9cfc5966b082cf9a028302ed4184","hash":"5f2146a4e48d8897c6123d70e0e92a9dcc3aab59"}
,"C:\\Users\\caiob\\OneDrive\\ProgramasEclipse\\cs-2019-01\\aula-01\\js\\propriedade153.js": {"path":"C:\\Users\\caiob\\OneDrive\\ProgramasEclipse\\cs-2019-01\\aula-01\\js\\propriedade153.js","statementMap":{"0":{"start":{"line":13,"column":4},"end":{"line":15,"column":5}},"1":{"start":{"line":14,"column":8},"end":{"line":14,"column":63}},"2":{"start":{"line":17,"column":4},"end":{"line":19,"column":5}},"3":{"start":{"line":18,"column":8},"end":{"line":18,"column":64}},"4":{"start":{"line":21,"column":4},"end":{"line":23,"column":5}},"5":{"start":{"line":22,"column":8},"end":{"line":22,"column":65}},"6":{"start":{"line":25,"column":20},"end":{"line":25,"column":44}},"7":{"start":{"line":26,"column":22},"end":{"line":26,"column":34}},"8":{"start":{"line":27,"column":19},"end":{"line":27,"column":45}},"9":{"start":{"line":28,"column":20},"end":{"line":28,"column":31}},"10":{"start":{"line":29,"column":22},"end":{"line":29,"column":87}},"11":{"start":{"line":31,"column":4},"end":{"line":31,"column":31}},"12":{"start":{"line":34,"column":0},"end":{"line":34,"column":32}}},"fnMap":{"0":{"name":"propriedade153","decl":{"start":{"line":11,"column":9},"end":{"line":11,"column":23}},"loc":{"start":{"line":11,"column":32},"end":{"line":32,"column":1}},"line":11}},"branchMap":{"0":{"loc":{"start":{"line":13,"column":4},"end":{"line":15,"column":5}},"type":"if","locations":[{"start":{"line":13,"column":4},"end":{"line":15,"column":5}},{"start":{"line":13,"column":4},"end":{"line":15,"column":5}}],"line":13},"1":{"loc":{"start":{"line":17,"column":4},"end":{"line":19,"column":5}},"type":"if","locations":[{"start":{"line":17,"column":4},"end":{"line":19,"column":5}},{"start":{"line":17,"column":4},"end":{"line":19,"column":5}}],"line":17},"2":{"loc":{"start":{"line":21,"column":4},"end":{"line":23,"column":5}},"type":"if","locations":[{"start":{"line":21,"column":4},"end":{"line":23,"column":5}},{"start":{"line":21,"column":4},"end":{"line":23,"column":5}}],"line":21},"3":{"loc":{"start":{"line":21,"column":8},"end":{"line":21,"column":36}},"type":"binary-expr","locations":[{"start":{"line":21,"column":8},"end":{"line":21,"column":20}},{"start":{"line":21,"column":24},"end":{"line":21,"column":36}}],"line":21}},"s":{"0":7,"1":2,"2":5,"3":1,"4":4,"5":2,"6":2,"7":2,"8":2,"9":2,"10":2,"11":2,"12":1},"f":{"0":7},"b":{"0":[2,5],"1":[1,4],"2":[2,2],"3":[4,3]},"_coverageSchema":"43e27e138ebf9cfc5966b082cf9a028302ed4184","hash":"ec6d3a6e48222008602d641434c4f4b20b47aa6e"}
,"C:\\Users\\caiob\\OneDrive\\ProgramasEclipse\\cs-2019-01\\aula-01\\js\\propriedade3025.js": {"path":"C:\\Users\\caiob\\OneDrive\\ProgramasEclipse\\cs-2019-01\\aula-01\\js\\propriedade3025.js","statementMap":{"0":{"start":{"line":13,"column":4},"end":{"line":15,"column":5}},"1":{"start":{"line":14,"column":8},"end":{"line":14,"column":63}},"2":{"start":{"line":17,"column":4},"end":{"line":19,"column":5}},"3":{"start":{"line":18,"column":8},"end":{"line":18,"column":64}},"4":{"start":{"line":21,"column":4},"end":{"line":23,"column":5}},"5":{"start":{"line":22,"column":8},"end":{"line":22,"column":64}},"6":{"start":{"line":25,"column":20},"end":{"line":25,"column":44}},"7":{"start":{"line":26,"column":19},"end":{"line":26,"column":31}},"8":{"start":{"line":27,"column":22},"end":{"line":27,"column":51}},"9":{"start":{"line":29,"column":4},"end":{"line":29,"column":31}},"10":{"start":{"line":32,"column":0},"end":{"line":32,"column":33}}},"fnMap":{"0":{"name":"propriedade3025","decl":{"start":{"line":11,"column":9},"end":{"line":11,"column":24}},"loc":{"start":{"line":11,"column":33},"end":{"line":30,"column":1}},"line":11}},"branchMap":{"0":{"loc":{"start":{"line":13,"column":4},"end":{"line":15,"column":5}},"type":"if","locations":[{"start":{"line":13,"column":4},"end":{"line":15,"column":5}},{"start":{"line":13,"column":4},"end":{"line":15,"column":5}}],"line":13},"1":{"loc":{"start":{"line":17,"column":4},"end":{"line":19,"column":5}},"type":"if","locations":[{"start":{"line":17,"column":4},"end":{"line":19,"column":5}},{"start":{"line":17,"column":4},"end":{"line":19,"column":5}}],"line":17},"2":{"loc":{"start":{"line":21,"column":4},"end":{"line":23,"column":5}},"type":"if","locations":[{"start":{"line":21,"column":4},"end":{"line":23,"column":5}},{"start":{"line":21,"column":4},"end":{"line":23,"column":5}}],"line":21},"3":{"loc":{"start":{"line":21,"column":8},"end":{"line":21,"column":35}},"type":"binary-expr","locations":[{"start":{"line":21,"column":8},"end":{"line":21,"column":18}},{"start":{"line":21,"column":22},"end":{"line":21,"column":35}}],"line":21}},"s":{"0":7,"1":2,"2":5,"3":1,"4":4,"5":2,"6":2,"7":2,"8":2,"9":2,"10":1},"f":{"0":7},"b":{"0":[2,5],"1":[1,4],"2":[2,2],"3":[4,3]},"_coverageSchema":"43e27e138ebf9cfc5966b082cf9a028302ed4184","hash":"e0382f277e6e5dcfe374d8623db2f45b3ef200dc"}
,"C:\\Users\\caiob\\OneDrive\\ProgramasEclipse\\cs-2019-01\\aula-01\\js\\quadradoPerfeito.js": {"path":"C:\\Users\\caiob\\OneDrive\\ProgramasEclipse\\cs-2019-01\\aula-01\\js\\quadradoPerfeito.js","statementMap":{"0":{"start":{"line":13,"column":4},"end":{"line":15,"column":5}},"1":{"start":{"line":14,"column":8},"end":{"line":14,"column":63}},"2":{"start":{"line":17,"column":4},"end":{"line":19,"column":5}},"3":{"start":{"line":18,"column":8},"end":{"line":18,"column":63}},"4":{"start":{"line":21,"column":12},"end":{"line":21,"column":13}},"5":{"start":{"line":22,"column":12},"end":{"line":22,"column":13}},"6":{"start":{"line":24,"column":4},"end":{"line":27,"column":5}},"7":{"start":{"line":25,"column":8},"end":{"line":25,"column":18}},"8":{"start":{"line":26,"column":8},"end":{"line":26,"column":18}},"9":{"start":{"line":29,"column":4},"end":{"line":29,"column":18}},"10":{"start":{"line":32,"column":0},"end":{"line":32,"column":34}}},"fnMap":{"0":{"name":"quadradoPerfeito","decl":{"start":{"line":11,"column":9},"end":{"line":11,"column":25}},"loc":{"start":{"line":11,"column":29},"end":{"line":30,"column":1}},"line":11}},"branchMap":{"0":{"loc":{"start":{"line":13,"column":4},"end":{"line":15,"column":5}},"type":"if","locations":[{"start":{"line":13,"column":4},"end":{"line":15,"column":5}},{"start":{"line":13,"column":4},"end":{"line":15,"column":5}}],"line":13},"1":{"loc":{"start":{"line":17,"column":4},"end":{"line":19,"column":5}},"type":"if","locations":[{"start":{"line":17,"column":4},"end":{"line":19,"column":5}},{"start":{"line":17,"column":4},"end":{"line":19,"column":5}}],"line":17}},"s":{"0":5,"1":2,"2":3,"3":1,"4":2,"5":2,"6":2,"7":10,"8":10,"9":2,"10":1},"f":{"0":5},"b":{"0":[2,3],"1":[1,2]},"_coverageSchema":"43e27e138ebf9cfc5966b082cf9a028302ed4184","hash":"0ecac82aecca775cce02f4f6cf4c4c5cc736b8ef"}
,"C:\\Users\\caiob\\OneDrive\\ProgramasEclipse\\cs-2019-01\\aula-01\\js\\raizQuadrada.js": {"path":"C:\\Users\\caiob\\OneDrive\\ProgramasEclipse\\cs-2019-01\\aula-01\\js\\raizQuadrada.js","statementMap":{"0":{"start":{"line":14,"column":4},"end":{"line":16,"column":5}},"1":{"start":{"line":15,"column":8},"end":{"line":15,"column":63}},"2":{"start":{"line":18,"column":4},"end":{"line":20,"column":5}},"3":{"start":{"line":19,"column":8},"end":{"line":19,"column":63}},"4":{"start":{"line":22,"column":12},"end":{"line":22,"column":13}},"5":{"start":{"line":24,"column":4},"end":{"line":27,"column":5}},"6":{"start":{"line":25,"column":8},"end":{"line":25,"column":28}},"7":{"start":{"line":26,"column":8},"end":{"line":26,"column":18}},"8":{"start":{"line":29,"column":4},"end":{"line":29,"column":13}},"9":{"start":{"line":32,"column":0},"end":{"line":32,"column":30}}},"fnMap":{"0":{"name":"raizQuadrada","decl":{"start":{"line":12,"column":9},"end":{"line":12,"column":21}},"loc":{"start":{"line":12,"column":28},"end":{"line":30,"column":1}},"line":12}},"branchMap":{"0":{"loc":{"start":{"line":14,"column":4},"end":{"line":16,"column":5}},"type":"if","locations":[{"start":{"line":14,"column":4},"end":{"line":16,"column":5}},{"start":{"line":14,"column":4},"end":{"line":16,"column":5}}],"line":14},"1":{"loc":{"start":{"line":14,"column":8},"end":{"line":14,"column":52}},"type":"binary-expr","locations":[{"start":{"line":14,"column":8},"end":{"line":14,"column":28}},{"start":{"line":14,"column":32},"end":{"line":14,"column":52}}],"line":14},"2":{"loc":{"start":{"line":18,"column":4},"end":{"line":20,"column":5}},"type":"if","locations":[{"start":{"line":18,"column":4},"end":{"line":20,"column":5}},{"start":{"line":18,"column":4},"end":{"line":20,"column":5}}],"line":18}},"s":{"0":4,"1":2,"2":2,"3":1,"4":1,"5":1,"6":201,"7":201,"8":1,"9":1},"f":{"0":4},"b":{"0":[2,2],"1":[4,2],"2":[1,1]},"_coverageSchema":"43e27e138ebf9cfc5966b082cf9a028302ed4184","hash":"8da32ff712e33e99f8fc4a6779d78f3696ada561"}
,"C:\\Users\\caiob\\OneDrive\\ProgramasEclipse\\cs-2019-01\\aula-01\\js\\razaoAurea.js": {"path":"C:\\Users\\caiob\\OneDrive\\ProgramasEclipse\\cs-2019-01\\aula-01\\js\\razaoAurea.js","statementMap":{"0":{"start":{"line":15,"column":4},"end":{"line":17,"column":5}},"1":{"start":{"line":16,"column":8},"end":{"line":16,"column":63}},"2":{"start":{"line":19,"column":4},"end":{"line":21,"column":5}},"3":{"start":{"line":20,"column":8},"end":{"line":20,"column":74}},"4":{"start":{"line":23,"column":4},"end":{"line":25,"column":5}},"5":{"start":{"line":24,"column":8},"end":{"line":24,"column":103}},"6":{"start":{"line":27,"column":12},"end":{"line":27,"column":13}},"7":{"start":{"line":28,"column":12},"end":{"line":28,"column":13}},"8":{"start":{"line":30,"column":4},"end":{"line":34,"column":5}},"9":{"start":{"line":30,"column":17},"end":{"line":30,"column":18}},"10":{"start":{"line":31,"column":16},"end":{"line":31,"column":17}},"11":{"start":{"line":32,"column":8},"end":{"line":32,"column":18}},"12":{"start":{"line":33,"column":8},"end":{"line":33,"column":14}},"13":{"start":{"line":36,"column":4},"end":{"line":36,"column":17}},"14":{"start":{"line":39,"column":0},"end":{"line":39,"column":28}},"15":{"start":{"line":41,"column":0},"end":{"line":41,"column":35}}},"fnMap":{"0":{"name":"razaoAurea","decl":{"start":{"line":13,"column":9},"end":{"line":13,"column":19}},"loc":{"start":{"line":13,"column":29},"end":{"line":37,"column":1}},"line":13}},"branchMap":{"0":{"loc":{"start":{"line":15,"column":4},"end":{"line":17,"column":5}},"type":"if","locations":[{"start":{"line":15,"column":4},"end":{"line":17,"column":5}},{"start":{"line":15,"column":4},"end":{"line":17,"column":5}}],"line":15},"1":{"loc":{"start":{"line":15,"column":8},"end":{"line":15,"column":76}},"type":"binary-expr","locations":[{"start":{"line":15,"column":8},"end":{"line":15,"column":28}},{"start":{"line":15,"column":32},"end":{"line":15,"column":52}},{"start":{"line":15,"column":56},"end":{"line":15,"column":76}}],"line":15},"2":{"loc":{"start":{"line":19,"column":4},"end":{"line":21,"column":5}},"type":"if","locations":[{"start":{"line":19,"column":4},"end":{"line":21,"column":5}},{"start":{"line":19,"column":4},"end":{"line":21,"column":5}}],"line":19},"3":{"loc":{"start":{"line":19,"column":8},"end":{"line":19,"column":70}},"type":"binary-expr","locations":[{"start":{"line":19,"column":8},"end":{"line":19,"column":26}},{"start":{"line":19,"column":30},"end":{"line":19,"column":48}},{"start":{"line":19,"column":52},"end":{"line":19,"column":70}}],"line":19},"4":{"loc":{"start":{"line":23,"column":4},"end":{"line":25,"column":5}},"type":"if","locations":[{"start":{"line":23,"column":4},"end":{"line":25,"column":5}},{"start":{"line":23,"column":4},"end":{"line":25,"column":5}}],"line":23},"5":{"loc":{"start":{"line":23,"column":8},"end":{"line":23,"column":32}},"type":"binary-expr","locations":[{"start":{"line":23,"column":8},"end":{"line":23,"column":13}},{"start":{"line":23,"column":17},"end":{"line":23,"column":22}},{"start":{"line":23,"column":26},"end":{"line":23,"column":32}}],"line":23}},"s":{"0":8,"1":2,"2":6,"3":1,"4":5,"5":3,"6":2,"7":2,"8":2,"9":2,"10":2000,"11":2000,"12":2000,"13":2,"14":1,"15":1},"f":{"0":8},"b":{"0":[2,6],"1":[8,6,6],"2":[1,5],"3":[6,6,5],"4":[3,2],"5":[5,4,3]},"_coverageSchema":"43e27e138ebf9cfc5966b082cf9a028302ed4184","hash":"a06dcdf1badec8b8c9dafdb25377e5a2313a7668"}
,"C:\\Users\\caiob\\OneDrive\\ProgramasEclipse\\cs-2019-01\\aula-01\\js\\regraHorner.js": {"path":"C:\\Users\\caiob\\OneDrive\\ProgramasEclipse\\cs-2019-01\\aula-01\\js\\regraHorner.js","statementMap":{"0":{"start":{"line":15,"column":4},"end":{"line":17,"column":5}},"1":{"start":{"line":16,"column":8},"end":{"line":16,"column":55}},"2":{"start":{"line":19,"column":4},"end":{"line":21,"column":5}},"3":{"start":{"line":20,"column":8},"end":{"line":20,"column":49}},"4":{"start":{"line":23,"column":4},"end":{"line":25,"column":5}},"5":{"start":{"line":24,"column":8},"end":{"line":24,"column":63}},"6":{"start":{"line":27,"column":12},"end":{"line":27,"column":16}},"7":{"start":{"line":28,"column":4},"end":{"line":28,"column":19}},"8":{"start":{"line":29,"column":4},"end":{"line":31,"column":5}},"9":{"start":{"line":29,"column":18},"end":{"line":29,"column":23}},"10":{"start":{"line":30,"column":8},"end":{"line":30,"column":27}},"11":{"start":{"line":33,"column":4},"end":{"line":33,"column":13}},"12":{"start":{"line":36,"column":0},"end":{"line":36,"column":29}}},"fnMap":{"0":{"name":"regraHorner","decl":{"start":{"line":13,"column":9},"end":{"line":13,"column":20}},"loc":{"start":{"line":13,"column":30},"end":{"line":34,"column":1}},"line":13}},"branchMap":{"0":{"loc":{"start":{"line":15,"column":4},"end":{"line":17,"column":5}},"type":"if","locations":[{"start":{"line":15,"column":4},"end":{"line":17,"column":5}},{"start":{"line":15,"column":4},"end":{"line":17,"column":5}}],"line":15},"1":{"loc":{"start":{"line":15,"column":8},"end":{"line":15,"column":52}},"type":"binary-expr","locations":[{"start":{"line":15,"column":8},"end":{"line":15,"column":28}},{"start":{"line":15,"column":32},"end":{"line":15,"column":52}}],"line":15},"2":{"loc":{"start":{"line":19,"column":4},"end":{"line":21,"column":5}},"type":"if","locations":[{"start":{"line":19,"column":4},"end":{"line":21,"column":5}},{"start":{"line":19,"column":4},"end":{"line":21,"column":5}}],"line":19},"3":{"loc":{"start":{"line":23,"column":4},"end":{"line":25,"column":5}},"type":"if","locations":[{"start":{"line":23,"column":4},"end":{"line":25,"column":5}},{"start":{"line":23,"column":4},"end":{"line":25,"column":5}}],"line":23}},"s":{"0":5,"1":2,"2":3,"3":1,"4":2,"5":1,"6":1,"7":1,"8":1,"9":1,"10":2,"11":1,"12":1},"f":{"0":5},"b":{"0":[2,3],"1":[5,3],"2":[1,2],"3":[1,1]},"_coverageSchema":"43e27e138ebf9cfc5966b082cf9a028302ed4184","hash":"cd30496584aebdfc1960df57a38e5e5e7c12c3ff"}
,"C:\\Users\\caiob\\OneDrive\\ProgramasEclipse\\cs-2019-01\\aula-01\\js\\restoDivisao.js": {"path":"C:\\Users\\caiob\\OneDrive\\ProgramasEclipse\\cs-2019-01\\aula-01\\js\\restoDivisao.js","statementMap":{"0":{"start":{"line":14,"column":4},"end":{"line":16,"column":5}},"1":{"start":{"line":15,"column":8},"end":{"line":15,"column":73}},"2":{"start":{"line":18,"column":4},"end":{"line":20,"column":5}},"3":{"start":{"line":19,"column":8},"end":{"line":19,"column":74}},"4":{"start":{"line":22,"column":4},"end":{"line":24,"column":5}},"5":{"start":{"line":23,"column":8},"end":{"line":23,"column":102}},"6":{"start":{"line":26,"column":16},"end":{"line":26,"column":25}},"7":{"start":{"line":28,"column":4},"end":{"line":30,"column":5}},"8":{"start":{"line":29,"column":8},"end":{"line":29,"column":32}},"9":{"start":{"line":32,"column":4},"end":{"line":32,"column":17}},"10":{"start":{"line":35,"column":0},"end":{"line":35,"column":30}}},"fnMap":{"0":{"name":"restoDivisao","decl":{"start":{"line":12,"column":9},"end":{"line":12,"column":21}},"loc":{"start":{"line":12,"column":42},"end":{"line":33,"column":1}},"line":12}},"branchMap":{"0":{"loc":{"start":{"line":14,"column":4},"end":{"line":16,"column":5}},"type":"if","locations":[{"start":{"line":14,"column":4},"end":{"line":16,"column":5}},{"start":{"line":14,"column":4},"end":{"line":16,"column":5}}],"line":14},"1":{"loc":{"start":{"line":14,"column":8},"end":{"line":14,"column":66}},"type":"binary-expr","locations":[{"start":{"line":14,"column":8},"end":{"line":14,"column":36}},{"start":{"line":14,"column":40},"end":{"line":14,"column":66}}],"line":14},"2":{"loc":{"start":{"line":18,"column":4},"end":{"line":20,"column":5}},"type":"if","locations":[{"start":{"line":18,"column":4},"end":{"line":20,"column":5}},{"start":{"line":18,"column":4},"end":{"line":20,"column":5}}],"line":18},"3":{"loc":{"start":{"line":18,"column":8},"end":{"line":18,"column":76}},"type":"binary-expr","locations":[{"start":{"line":18,"column":8},"end":{"line":18,"column":42}},{"start":{"line":18,"column":46},"end":{"line":18,"column":76}}],"line":18},"4":{"loc":{"start":{"line":22,"column":4},"end":{"line":24,"column":5}},"type":"if","locations":[{"start":{"line":22,"column":4},"end":{"line":24,"column":5}},{"start":{"line":22,"column":4},"end":{"line":24,"column":5}}],"line":22},"5":{"loc":{"start":{"line":22,"column":8},"end":{"line":22,"column":37}},"type":"binary-expr","locations":[{"start":{"line":22,"column":8},"end":{"line":22,"column":21}},{"start":{"line":22,"column":25},"end":{"line":22,"column":37}}],"line":22}},"s":{"0":6,"1":2,"2":4,"3":1,"4":3,"5":2,"6":1,"7":1,"8":1,"9":1,"10":1},"f":{"0":6},"b":{"0":[2,4],"1":[6,4],"2":[1,3],"3":[4,4],"4":[2,1],"5":[3,2]},"_coverageSchema":"43e27e138ebf9cfc5966b082cf9a028302ed4184","hash":"6f70af5a44521766e661f89309f88481afe6f4ce"}
,"C:\\Users\\caiob\\OneDrive\\ProgramasEclipse\\cs-2019-01\\aula-01\\js\\somaPrimeirosNaturais.js": {"path":"C:\\Users\\caiob\\OneDrive\\ProgramasEclipse\\cs-2019-01\\aula-01\\js\\somaPrimeirosNaturais.js","statementMap":{"0":{"start":{"line":13,"column":4},"end":{"line":15,"column":5}},"1":{"start":{"line":14,"column":8},"end":{"line":14,"column":63}},"2":{"start":{"line":17,"column":4},"end":{"line":19,"column":5}},"3":{"start":{"line":18,"column":8},"end":{"line":18,"column":64}},"4":{"start":{"line":21,"column":4},"end":{"line":23,"column":5}},"5":{"start":{"line":22,"column":8},"end":{"line":22,"column":61}},"6":{"start":{"line":25,"column":12},"end":{"line":25,"column":13}},"7":{"start":{"line":27,"column":4},"end":{"line":29,"column":5}},"8":{"start":{"line":27,"column":17},"end":{"line":27,"column":18}},"9":{"start":{"line":28,"column":8},"end":{"line":28,"column":18}},"10":{"start":{"line":31,"column":4},"end":{"line":31,"column":13}},"11":{"start":{"line":34,"column":0},"end":{"line":34,"column":39}}},"fnMap":{"0":{"name":"somaPrimeirosNaturais","decl":{"start":{"line":11,"column":9},"end":{"line":11,"column":30}},"loc":{"start":{"line":11,"column":39},"end":{"line":32,"column":1}},"line":11}},"branchMap":{"0":{"loc":{"start":{"line":13,"column":4},"end":{"line":15,"column":5}},"type":"if","locations":[{"start":{"line":13,"column":4},"end":{"line":15,"column":5}},{"start":{"line":13,"column":4},"end":{"line":15,"column":5}}],"line":13},"1":{"loc":{"start":{"line":17,"column":4},"end":{"line":19,"column":5}},"type":"if","locations":[{"start":{"line":17,"column":4},"end":{"line":19,"column":5}},{"start":{"line":17,"column":4},"end":{"line":19,"column":5}}],"line":17},"2":{"loc":{"start":{"line":21,"column":4},"end":{"line":23,"column":5}},"type":"if","locations":[{"start":{"line":21,"column":4},"end":{"line":23,"column":5}},{"start":{"line":21,"column":4},"end":{"line":23,"column":5}}],"line":21}},"s":{"0":5,"1":2,"2":3,"3":1,"4":2,"5":1,"6":1,"7":1,"8":1,"9":4,"10":1,"11":1},"f":{"0":5},"b":{"0":[2,3],"1":[1,2],"2":[1,1]},"_coverageSchema":"43e27e138ebf9cfc5966b082cf9a028302ed4184","hash":"b5008cf67fe1cff81cf89441b44ff374f7529785"}
,"C:\\Users\\caiob\\OneDrive\\ProgramasEclipse\\cs-2019-01\\aula-01\\js\\valorPI.js": {"path":"C:\\Users\\caiob\\OneDrive\\ProgramasEclipse\\cs-2019-01\\aula-01\\js\\valorPI.js","statementMap":{"0":{"start":{"line":13,"column":4},"end":{"line":15,"column":5}},"1":{"start":{"line":14,"column":8},"end":{"line":14,"column":63}},"2":{"start":{"line":17,"column":4},"end":{"line":19,"column":5}},"3":{"start":{"line":18,"column":8},"end":{"line":18,"column":64}},"4":{"start":{"line":21,"column":4},"end":{"line":23,"column":5}},"5":{"start":{"line":22,"column":8},"end":{"line":22,"column":65}},"6":{"start":{"line":25,"column":12},"end":{"line":25,"column":14}},"7":{"start":{"line":26,"column":12},"end":{"line":26,"column":14}},"8":{"start":{"line":27,"column":12},"end":{"line":27,"column":13}},"9":{"start":{"line":29,"column":4},"end":{"line":33,"column":5}},"10":{"start":{"line":29,"column":17},"end":{"line":29,"column":18}},"11":{"start":{"line":30,"column":8},"end":{"line":30,"column":18}},"12":{"start":{"line":31,"column":8},"end":{"line":31,"column":19}},"13":{"start":{"line":32,"column":8},"end":{"line":32,"column":30}},"14":{"start":{"line":35,"column":4},"end":{"line":35,"column":13}},"15":{"start":{"line":38,"column":0},"end":{"line":38,"column":25}}},"fnMap":{"0":{"name":"valorPI","decl":{"start":{"line":11,"column":9},"end":{"line":11,"column":16}},"loc":{"start":{"line":11,"column":20},"end":{"line":36,"column":1}},"line":11}},"branchMap":{"0":{"loc":{"start":{"line":13,"column":4},"end":{"line":15,"column":5}},"type":"if","locations":[{"start":{"line":13,"column":4},"end":{"line":15,"column":5}},{"start":{"line":13,"column":4},"end":{"line":15,"column":5}}],"line":13},"1":{"loc":{"start":{"line":17,"column":4},"end":{"line":19,"column":5}},"type":"if","locations":[{"start":{"line":17,"column":4},"end":{"line":19,"column":5}},{"start":{"line":17,"column":4},"end":{"line":19,"column":5}}],"line":17},"2":{"loc":{"start":{"line":21,"column":4},"end":{"line":23,"column":5}},"type":"if","locations":[{"start":{"line":21,"column":4},"end":{"line":23,"column":5}},{"start":{"line":21,"column":4},"end":{"line":23,"column":5}}],"line":21}},"s":{"0":5,"1":2,"2":3,"3":1,"4":2,"5":1,"6":1,"7":1,"8":1,"9":1,"10":1,"11":1000,"12":1000,"13":1000,"14":1,"15":1},"f":{"0":5},"b":{"0":[2,3],"1":[1,2],"2":[1,1]},"_coverageSchema":"43e27e138ebf9cfc5966b082cf9a028302ed4184","hash":"c07c3cb1a670e1fff7a44231fcacfb0a6b8510ad"}
}
