TN:
SF:C:\Users\caiob\OneDrive\ProgramasEclipse\cs-2019-01\aula-01\js\cpf1.js
FN:11,cpf1
FN:39,confereDadosVetor
FNF:2
FNH:2
FNDA:5,cpf1
FNDA:4,confereDadosVetor
DA:13,5
DA:14,2
DA:17,3
DA:18,1
DA:21,2
DA:23,2
DA:24,2
DA:25,2
DA:26,2
DA:28,2
DA:41,4
DA:42,26
DA:43,1
DA:45,25
DA:46,1
DA:51,2
LF:16
LH:16
BRDA:13,0,0,2
BRDA:13,0,1,3
BRDA:17,1,0,1
BRDA:17,1,1,2
BRDA:28,2,0,2
BRDA:28,2,1,2
BRDA:42,3,0,1
BRDA:42,3,1,25
BRDA:45,4,0,1
BRDA:45,4,1,24
BRDA:45,5,0,25
BRDA:45,5,1,25
BRF:12
BRH:12
end_of_record
TN:
SF:C:\Users\caiob\OneDrive\ProgramasEclipse\cs-2019-01\aula-01\js\cpf2.js
FN:11,cpf2
FN:45,confereDadosVetor
FNF:2
FNH:2
FNDA:7,cpf2
FNDA:4,confereDadosVetor
DA:13,7
DA:14,2
DA:17,5
DA:18,1
DA:21,4
DA:23,2
DA:24,2
DA:26,2
DA:27,16
DA:28,16
DA:31,2
DA:32,2
DA:34,2
DA:47,4
DA:48,30
DA:49,1
DA:51,29
DA:52,1
DA:57,1
LF:19
LH:19
BRDA:13,0,0,2
BRDA:13,0,1,5
BRDA:17,1,0,1
BRDA:17,1,1,4
BRDA:34,2,0,2
BRDA:34,2,1,2
BRDA:48,3,0,1
BRDA:48,3,1,29
BRDA:51,4,0,1
BRDA:51,4,1,28
BRDA:51,5,0,29
BRDA:51,5,1,29
BRF:12
BRH:12
end_of_record
TN:
SF:C:\Users\caiob\OneDrive\ProgramasEclipse\cs-2019-01\aula-01\js\diaDaSemana.js
FN:13,diaDaSemana
FN:44,nomeDiaDaSemana
FN:73,dataInvalida
FNF:3
FNH:3
FNDA:9,diaDaSemana
FNDA:9,nomeDiaDaSemana
FNDA:11,dataInvalida
DA:15,9
DA:16,3
DA:19,6
DA:20,3
DA:23,3
DA:24,1
DA:27,2
DA:28,1
DA:29,1
DA:32,2
DA:34,2
DA:46,9
DA:48,1
DA:50,3
DA:52,1
DA:54,1
DA:56,1
DA:58,1
DA:60,1
DA:75,11
DA:76,6
DA:78,5
DA:81,3
LF:23
LH:23
BRDA:15,0,0,3
BRDA:15,0,1,6
BRDA:15,1,0,9
BRDA:15,1,1,8
BRDA:15,1,2,7
BRDA:19,2,0,3
BRDA:19,2,1,3
BRDA:19,3,0,6
BRDA:19,3,1,5
BRDA:19,3,2,4
BRDA:23,4,0,1
BRDA:23,4,1,2
BRDA:27,5,0,1
BRDA:27,5,1,1
BRDA:27,6,0,2
BRDA:27,6,1,1
BRDA:46,7,0,1
BRDA:46,7,1,3
BRDA:46,7,2,1
BRDA:46,7,3,1
BRDA:46,7,4,1
BRDA:46,7,5,1
BRDA:46,7,6,1
BRDA:75,8,0,6
BRDA:75,8,1,5
BRDA:75,9,0,11
BRDA:75,9,1,10
BRDA:75,9,2,9
BRDA:75,9,3,8
BRDA:75,9,4,6
BRF:30
BRH:30
end_of_record
TN:
SF:C:\Users\caiob\OneDrive\ProgramasEclipse\cs-2019-01\aula-01\js\fatorial.js
FN:11,fatorial
FNF:1
FNH:1
FNDA:6,fatorial
DA:13,6
DA:14,2
DA:17,4
DA:18,1
DA:21,3
DA:22,1
DA:25,2
DA:27,2
DA:28,7
DA:31,2
DA:34,1
LF:11
LH:11
BRDA:13,0,0,2
BRDA:13,0,1,4
BRDA:17,1,0,1
BRDA:17,1,1,3
BRDA:21,2,0,1
BRDA:21,2,1,2
BRF:6
BRH:6
end_of_record
TN:
SF:C:\Users\caiob\OneDrive\ProgramasEclipse\cs-2019-01\aula-01\js\fibonacci.js
FN:11,fibonacci
FNF:1
FNH:1
FNDA:6,fibonacci
DA:13,6
DA:14,1
DA:17,5
DA:18,1
DA:21,4
DA:22,1
DA:25,3
DA:26,2
DA:29,1
DA:30,1
DA:32,1
DA:33,5
DA:34,5
DA:35,5
DA:38,1
DA:41,1
LF:16
LH:16
BRDA:13,0,0,1
BRDA:13,0,1,5
BRDA:17,1,0,1
BRDA:17,1,1,4
BRDA:21,2,0,1
BRDA:21,2,1,3
BRDA:25,3,0,2
BRDA:25,3,1,1
BRDA:25,4,0,3
BRDA:25,4,1,2
BRF:10
BRH:10
end_of_record
TN:
SF:C:\Users\caiob\OneDrive\ProgramasEclipse\cs-2019-01\aula-01\js\logaritmo.js
FN:12,logaritmo
FNF:1
FNH:1
FNDA:7,logaritmo
DA:14,7
DA:15,2
DA:18,5
DA:19,1
DA:22,4
DA:23,2
DA:26,2
DA:27,2
DA:28,2
DA:29,2
DA:31,2
DA:32,2
DA:33,2
DA:34,2
DA:37,2
DA:40,1
DA:42,1
LF:17
LH:17
BRDA:14,0,0,2
BRDA:14,0,1,5
BRDA:14,1,0,7
BRDA:14,1,1,5
BRDA:18,2,0,1
BRDA:18,2,1,4
BRDA:18,3,0,5
BRDA:18,3,1,5
BRDA:22,4,0,2
BRDA:22,4,1,2
BRDA:22,5,0,4
BRDA:22,5,1,3
BRF:12
BRH:12
end_of_record
TN:
SF:C:\Users\caiob\OneDrive\ProgramasEclipse\cs-2019-01\aula-01\js\mdc1.js
FN:12,mdc1
FNF:1
FNH:1
FNDA:6,mdc1
DA:14,6
DA:15,2
DA:18,4
DA:19,1
DA:22,3
DA:23,2
DA:26,1
DA:27,2
DA:28,2
DA:29,2
DA:32,1
DA:35,1
LF:12
LH:12
BRDA:14,0,0,2
BRDA:14,0,1,4
BRDA:14,1,0,6
BRDA:14,1,1,4
BRDA:18,2,0,1
BRDA:18,2,1,3
BRDA:18,3,0,4
BRDA:18,3,1,4
BRDA:22,4,0,2
BRDA:22,4,1,1
BRDA:22,5,0,3
BRDA:22,5,1,2
BRF:12
BRH:12
end_of_record
TN:
SF:C:\Users\caiob\OneDrive\ProgramasEclipse\cs-2019-01\aula-01\js\mdc2.js
FN:12,mdc2
FNF:1
FNH:1
FNDA:6,mdc2
DA:14,6
DA:15,2
DA:18,4
DA:19,1
DA:22,3
DA:23,2
DA:26,1
DA:27,2
DA:28,1
DA:31,1
DA:35,1
DA:38,1
LF:12
LH:12
BRDA:14,0,0,2
BRDA:14,0,1,4
BRDA:14,1,0,6
BRDA:14,1,1,4
BRDA:18,2,0,1
BRDA:18,2,1,3
BRDA:18,3,0,4
BRDA:18,3,1,4
BRDA:22,4,0,2
BRDA:22,4,1,1
BRDA:22,5,0,3
BRDA:22,5,1,2
BRDA:27,6,0,1
BRDA:27,6,1,1
BRF:14
BRH:14
end_of_record
TN:
SF:C:\Users\caiob\OneDrive\ProgramasEclipse\cs-2019-01\aula-01\js\numeroPrimo.js
FN:11,numeroPrimo
FNF:1
FNH:1
FNDA:6,numeroPrimo
DA:13,6
DA:14,2
DA:17,4
DA:18,1
DA:21,3
DA:22,1
DA:25,2
DA:26,18
DA:27,1
DA:31,1
DA:34,1
LF:11
LH:11
BRDA:13,0,0,2
BRDA:13,0,1,4
BRDA:17,1,0,1
BRDA:17,1,1,3
BRDA:21,2,0,1
BRDA:21,2,1,2
BRDA:26,3,0,1
BRDA:26,3,1,17
BRF:8
BRH:8
end_of_record
TN:
SF:C:\Users\caiob\OneDrive\ProgramasEclipse\cs-2019-01\aula-01\js\potenciaUsandoSomas.js
FN:13,potenciaUsandoSomas
FNF:1
FNH:1
FNDA:7,potenciaUsandoSomas
DA:1,1
DA:15,7
DA:16,2
DA:19,5
DA:20,1
DA:23,4
DA:24,2
DA:27,2
DA:29,2
DA:30,10
DA:33,2
DA:36,1
DA:38,1
LF:13
LH:13
BRDA:15,0,0,2
BRDA:15,0,1,5
BRDA:15,1,0,7
BRDA:15,1,1,5
BRDA:19,2,0,1
BRDA:19,2,1,4
BRDA:19,3,0,5
BRDA:19,3,1,5
BRDA:23,4,0,2
BRDA:23,4,1,2
BRDA:23,5,0,4
BRDA:23,5,1,2
BRF:12
BRH:12
end_of_record
TN:
SF:C:\Users\caiob\OneDrive\ProgramasEclipse\cs-2019-01\aula-01\js\produtoUsandoSomas.js
FN:12,produtoUsandoSomas
FNF:1
FNH:1
FNDA:16,produtoUsandoSomas
DA:14,16
DA:15,2
DA:18,14
DA:19,1
DA:22,13
DA:23,2
DA:26,11
DA:27,11
DA:29,11
DA:30,6
DA:31,6
DA:34,11
DA:36,11
DA:37,20
DA:40,11
DA:43,2
LF:16
LH:16
BRDA:14,0,0,2
BRDA:14,0,1,14
BRDA:14,1,0,16
BRDA:14,1,1,14
BRDA:18,2,0,1
BRDA:18,2,1,13
BRDA:18,3,0,14
BRDA:18,3,1,14
BRDA:22,4,0,2
BRDA:22,4,1,11
BRDA:22,5,0,13
BRDA:22,5,1,12
BRDA:29,6,0,6
BRDA:29,6,1,5
BRF:14
BRH:14
end_of_record
TN:
SF:C:\Users\caiob\OneDrive\ProgramasEclipse\cs-2019-01\aula-01\js\propriedade153.js
FN:11,propriedade153
FNF:1
FNH:1
FNDA:7,propriedade153
DA:13,7
DA:14,2
DA:17,5
DA:18,1
DA:21,4
DA:22,2
DA:25,2
DA:26,2
DA:27,2
DA:28,2
DA:29,2
DA:31,2
DA:34,1
LF:13
LH:13
BRDA:13,0,0,2
BRDA:13,0,1,5
BRDA:17,1,0,1
BRDA:17,1,1,4
BRDA:21,2,0,2
BRDA:21,2,1,2
BRDA:21,3,0,4
BRDA:21,3,1,3
BRF:8
BRH:8
end_of_record
TN:
SF:C:\Users\caiob\OneDrive\ProgramasEclipse\cs-2019-01\aula-01\js\propriedade3025.js
FN:11,propriedade3025
FNF:1
FNH:1
FNDA:7,propriedade3025
DA:13,7
DA:14,2
DA:17,5
DA:18,1
DA:21,4
DA:22,2
DA:25,2
DA:26,2
DA:27,2
DA:29,2
DA:32,1
LF:11
LH:11
BRDA:13,0,0,2
BRDA:13,0,1,5
BRDA:17,1,0,1
BRDA:17,1,1,4
BRDA:21,2,0,2
BRDA:21,2,1,2
BRDA:21,3,0,4
BRDA:21,3,1,3
BRF:8
BRH:8
end_of_record
TN:
SF:C:\Users\caiob\OneDrive\ProgramasEclipse\cs-2019-01\aula-01\js\quadradoPerfeito.js
FN:11,quadradoPerfeito
FNF:1
FNH:1
FNDA:5,quadradoPerfeito
DA:13,5
DA:14,2
DA:17,3
DA:18,1
DA:21,2
DA:22,2
DA:24,2
DA:25,10
DA:26,10
DA:29,2
DA:32,1
LF:11
LH:11
BRDA:13,0,0,2
BRDA:13,0,1,3
BRDA:17,1,0,1
BRDA:17,1,1,2
BRF:4
BRH:4
end_of_record
TN:
SF:C:\Users\caiob\OneDrive\ProgramasEclipse\cs-2019-01\aula-01\js\raizQuadrada.js
FN:12,raizQuadrada
FNF:1
FNH:1
FNDA:4,raizQuadrada
DA:14,4
DA:15,2
DA:18,2
DA:19,1
DA:22,1
DA:24,1
DA:25,201
DA:26,201
DA:29,1
DA:32,1
LF:10
LH:10
BRDA:14,0,0,2
BRDA:14,0,1,2
BRDA:14,1,0,4
BRDA:14,1,1,2
BRDA:18,2,0,1
BRDA:18,2,1,1
BRF:6
BRH:6
end_of_record
TN:
SF:C:\Users\caiob\OneDrive\ProgramasEclipse\cs-2019-01\aula-01\js\razaoAurea.js
FN:13,razaoAurea
FNF:1
FNH:1
FNDA:8,razaoAurea
DA:15,8
DA:16,2
DA:19,6
DA:20,1
DA:23,5
DA:24,3
DA:27,2
DA:28,2
DA:30,2
DA:31,2000
DA:32,2000
DA:33,2000
DA:36,2
DA:39,1
DA:41,1
LF:15
LH:15
BRDA:15,0,0,2
BRDA:15,0,1,6
BRDA:15,1,0,8
BRDA:15,1,1,6
BRDA:15,1,2,6
BRDA:19,2,0,1
BRDA:19,2,1,5
BRDA:19,3,0,6
BRDA:19,3,1,6
BRDA:19,3,2,5
BRDA:23,4,0,3
BRDA:23,4,1,2
BRDA:23,5,0,5
BRDA:23,5,1,4
BRDA:23,5,2,3
BRF:15
BRH:15
end_of_record
TN:
SF:C:\Users\caiob\OneDrive\ProgramasEclipse\cs-2019-01\aula-01\js\regraHorner.js
FN:13,regraHorner
FNF:1
FNH:1
FNDA:5,regraHorner
DA:15,5
DA:16,2
DA:19,3
DA:20,1
DA:23,2
DA:24,1
DA:27,1
DA:28,1
DA:29,1
DA:30,2
DA:33,1
DA:36,1
LF:12
LH:12
BRDA:15,0,0,2
BRDA:15,0,1,3
BRDA:15,1,0,5
BRDA:15,1,1,3
BRDA:19,2,0,1
BRDA:19,2,1,2
BRDA:23,3,0,1
BRDA:23,3,1,1
BRF:8
BRH:8
end_of_record
TN:
SF:C:\Users\caiob\OneDrive\ProgramasEclipse\cs-2019-01\aula-01\js\restoDivisao.js
FN:12,restoDivisao
FNF:1
FNH:1
FNDA:6,restoDivisao
DA:14,6
DA:15,2
DA:18,4
DA:19,1
DA:22,3
DA:23,2
DA:26,1
DA:28,1
DA:29,1
DA:32,1
DA:35,1
LF:11
LH:11
BRDA:14,0,0,2
BRDA:14,0,1,4
BRDA:14,1,0,6
BRDA:14,1,1,4
BRDA:18,2,0,1
BRDA:18,2,1,3
BRDA:18,3,0,4
BRDA:18,3,1,4
BRDA:22,4,0,2
BRDA:22,4,1,1
BRDA:22,5,0,3
BRDA:22,5,1,2
BRF:12
BRH:12
end_of_record
TN:
SF:C:\Users\caiob\OneDrive\ProgramasEclipse\cs-2019-01\aula-01\js\somaPrimeirosNaturais.js
FN:11,somaPrimeirosNaturais
FNF:1
FNH:1
FNDA:5,somaPrimeirosNaturais
DA:13,5
DA:14,2
DA:17,3
DA:18,1
DA:21,2
DA:22,1
DA:25,1
DA:27,1
DA:28,4
DA:31,1
DA:34,1
LF:11
LH:11
BRDA:13,0,0,2
BRDA:13,0,1,3
BRDA:17,1,0,1
BRDA:17,1,1,2
BRDA:21,2,0,1
BRDA:21,2,1,1
BRF:6
BRH:6
end_of_record
TN:
SF:C:\Users\caiob\OneDrive\ProgramasEclipse\cs-2019-01\aula-01\js\valorPI.js
FN:11,valorPI
FNF:1
FNH:1
FNDA:5,valorPI
DA:13,5
DA:14,2
DA:17,3
DA:18,1
DA:21,2
DA:22,1
DA:25,1
DA:26,1
DA:27,1
DA:29,1
DA:30,1000
DA:31,1000
DA:32,1000
DA:35,1
DA:38,1
LF:15
LH:15
BRDA:13,0,0,2
BRDA:13,0,1,3
BRDA:17,1,0,1
BRDA:17,1,1,2
BRDA:21,2,0,1
BRDA:21,2,1,1
BRF:6
BRH:6
end_of_record
